{"total": {"lines":{"total":87,"covered":56,"skipped":0,"pct":64.36},"statements":{"total":90,"covered":58,"skipped":0,"pct":64.44},"functions":{"total":20,"covered":11,"skipped":0,"pct":55},"branches":{"total":26,"covered":17,"skipped":0,"pct":65.38},"branchesTrue":{"total":0,"covered":0,"skipped":0,"pct":100}}
,"/workspaces/campus-device-loan/services/device-loan/src/Application/useCases/ActivateLoanUseCase.ts": {"lines":{"total":9,"covered":9,"skipped":0,"pct":100},"functions":{"total":2,"covered":2,"skipped":0,"pct":100},"statements":{"total":10,"covered":10,"skipped":0,"pct":100},"branches":{"total":2,"covered":2,"skipped":0,"pct":100}}
,"/workspaces/campus-device-loan/services/device-loan/src/Application/useCases/CancelLoanUseCase.ts": {"lines":{"total":12,"covered":12,"skipped":0,"pct":100},"functions":{"total":2,"covered":2,"skipped":0,"pct":100},"statements":{"total":13,"covered":13,"skipped":0,"pct":100},"branches":{"total":4,"covered":4,"skipped":0,"pct":100}}
,"/workspaces/campus-device-loan/services/device-loan/src/Application/useCases/CreateLoanUseCase.ts": {"lines":{"total":20,"covered":20,"skipped":0,"pct":100},"functions":{"total":2,"covered":2,"skipped":0,"pct":100},"statements":{"total":20,"covered":20,"skipped":0,"pct":100},"branches":{"total":6,"covered":6,"skipped":0,"pct":100}}
,"/workspaces/campus-device-loan/services/device-loan/src/Application/useCases/GetDeviceSnapshotUseCase.ts": {"lines":{"total":5,"covered":0,"skipped":0,"pct":0},"functions":{"total":2,"covered":0,"skipped":0,"pct":0},"statements":{"total":6,"covered":0,"skipped":0,"pct":0},"branches":{"total":2,"covered":0,"skipped":0,"pct":0}}
,"/workspaces/campus-device-loan/services/device-loan/src/Application/useCases/GetLoanByIdUseCase.ts": {"lines":{"total":6,"covered":5,"skipped":0,"pct":83.33},"functions":{"total":2,"covered":2,"skipped":0,"pct":100},"statements":{"total":6,"covered":5,"skipped":0,"pct":83.33},"branches":{"total":4,"covered":3,"skipped":0,"pct":75}}
,"/workspaces/campus-device-loan/services/device-loan/src/Application/useCases/ListDeviceSnapshotsUseCase.ts": {"lines":{"total":6,"covered":0,"skipped":0,"pct":0},"functions":{"total":4,"covered":0,"skipped":0,"pct":0},"statements":{"total":6,"covered":0,"skipped":0,"pct":0},"branches":{"total":0,"covered":0,"skipped":0,"pct":100}}
,"/workspaces/campus-device-loan/services/device-loan/src/Application/useCases/ListLoansUseCase.ts": {"lines":{"total":3,"covered":3,"skipped":0,"pct":100},"functions":{"total":2,"covered":2,"skipped":0,"pct":100},"statements":{"total":3,"covered":3,"skipped":0,"pct":100},"branches":{"total":0,"covered":0,"skipped":0,"pct":100}}
,"/workspaces/campus-device-loan/services/device-loan/src/Application/useCases/ProcessWaitlistUseCase.ts": {"lines":{"total":19,"covered":0,"skipped":0,"pct":0},"functions":{"total":3,"covered":0,"skipped":0,"pct":0},"statements":{"total":19,"covered":0,"skipped":0,"pct":0},"branches":{"total":6,"covered":0,"skipped":0,"pct":0}}
,"/workspaces/campus-device-loan/services/device-loan/src/Domain/Enums/LoanStatus.ts": {"lines":{"total":7,"covered":7,"skipped":0,"pct":100},"functions":{"total":1,"covered":1,"skipped":0,"pct":100},"statements":{"total":7,"covered":7,"skipped":0,"pct":100},"branches":{"total":2,"covered":2,"skipped":0,"pct":100}}
}
