{"total": {"lines":{"total":179,"covered":92,"skipped":0,"pct":51.39},"statements":{"total":186,"covered":94,"skipped":0,"pct":50.53},"functions":{"total":26,"covered":11,"skipped":0,"pct":42.3},"branches":{"total":68,"covered":37,"skipped":0,"pct":54.41},"branchesTrue":{"total":0,"covered":0,"skipped":0,"pct":100}}
,"/workspaces/campus-device-loan/services/device-loan/src/Application/UseCases/ActivateLoanUseCase.ts": {"lines":{"total":18,"covered":18,"skipped":0,"pct":100},"functions":{"total":2,"covered":2,"skipped":0,"pct":100},"statements":{"total":19,"covered":19,"skipped":0,"pct":100},"branches":{"total":8,"covered":8,"skipped":0,"pct":100}}
,"/workspaces/campus-device-loan/services/device-loan/src/Application/UseCases/CancelLoanUseCase.ts": {"lines":{"total":21,"covered":21,"skipped":0,"pct":100},"functions":{"total":2,"covered":2,"skipped":0,"pct":100},"statements":{"total":22,"covered":22,"skipped":0,"pct":100},"branches":{"total":10,"covered":10,"skipped":0,"pct":100}}
,"/workspaces/campus-device-loan/services/device-loan/src/Application/UseCases/CreateLoanUseCase.ts": {"lines":{"total":40,"covered":38,"skipped":0,"pct":95},"functions":{"total":2,"covered":2,"skipped":0,"pct":100},"statements":{"total":40,"covered":38,"skipped":0,"pct":95},"branches":{"total":14,"covered":14,"skipped":0,"pct":100}}
,"/workspaces/campus-device-loan/services/device-loan/src/Application/UseCases/GetDeviceSnapshotUseCase.ts": {"lines":{"total":5,"covered":0,"skipped":0,"pct":0},"functions":{"total":2,"covered":0,"skipped":0,"pct":0},"statements":{"total":6,"covered":0,"skipped":0,"pct":0},"branches":{"total":2,"covered":0,"skipped":0,"pct":0}}
,"/workspaces/campus-device-loan/services/device-loan/src/Application/UseCases/GetLoanByIdUseCase.ts": {"lines":{"total":6,"covered":5,"skipped":0,"pct":83.33},"functions":{"total":2,"covered":2,"skipped":0,"pct":100},"statements":{"total":6,"covered":5,"skipped":0,"pct":83.33},"branches":{"total":4,"covered":3,"skipped":0,"pct":75}}
,"/workspaces/campus-device-loan/services/device-loan/src/Application/UseCases/LinkReservationUseCase.ts": {"lines":{"total":12,"covered":0,"skipped":0,"pct":0},"functions":{"total":2,"covered":0,"skipped":0,"pct":0},"statements":{"total":12,"covered":0,"skipped":0,"pct":0},"branches":{"total":6,"covered":0,"skipped":0,"pct":0}}
,"/workspaces/campus-device-loan/services/device-loan/src/Application/UseCases/ListDeviceSnapshotsUseCase.ts": {"lines":{"total":6,"covered":0,"skipped":0,"pct":0},"functions":{"total":4,"covered":0,"skipped":0,"pct":0},"statements":{"total":6,"covered":0,"skipped":0,"pct":0},"branches":{"total":0,"covered":0,"skipped":0,"pct":100}}
,"/workspaces/campus-device-loan/services/device-loan/src/Application/UseCases/ListLoansUseCase.ts": {"lines":{"total":3,"covered":3,"skipped":0,"pct":100},"functions":{"total":2,"covered":2,"skipped":0,"pct":100},"statements":{"total":3,"covered":3,"skipped":0,"pct":100},"branches":{"total":0,"covered":0,"skipped":0,"pct":100}}
,"/workspaces/campus-device-loan/services/device-loan/src/Application/UseCases/ProcessWaitlistUseCase.ts": {"lines":{"total":30,"covered":0,"skipped":0,"pct":0},"functions":{"total":3,"covered":0,"skipped":0,"pct":0},"statements":{"total":32,"covered":0,"skipped":0,"pct":0},"branches":{"total":18,"covered":0,"skipped":0,"pct":0}}
,"/workspaces/campus-device-loan/services/device-loan/src/Application/UseCases/SyncAllDevicesUseCase.ts": {"lines":{"total":31,"covered":0,"skipped":0,"pct":0},"functions":{"total":4,"covered":0,"skipped":0,"pct":0},"statements":{"total":33,"covered":0,"skipped":0,"pct":0},"branches":{"total":4,"covered":0,"skipped":0,"pct":0}}
,"/workspaces/campus-device-loan/services/device-loan/src/Domain/Enums/LoanStatus.ts": {"lines":{"total":7,"covered":7,"skipped":0,"pct":100},"functions":{"total":1,"covered":1,"skipped":0,"pct":100},"statements":{"total":7,"covered":7,"skipped":0,"pct":100},"branches":{"total":2,"covered":2,"skipped":0,"pct":100}}
}
