TN:
SF:src/Application/UseCases/ActivateLoanUseCase.ts
FN:15,(anonymous_0)
FN:27,(anonymous_1)
FNF:2
FNH:2
FNDA:34,(anonymous_0)
FNDA:21,(anonymous_1)
DA:4,3
DA:14,3
DA:16,34
DA:17,34
DA:18,34
DA:28,21
DA:29,21
DA:31,18
DA:32,18
DA:34,18
DA:37,18
DA:40,18
DA:41,3
DA:42,3
DA:43,3
DA:51,1
DA:53,2
DA:57,18
LF:18
LH:18
BRDA:29,0,0,3
BRDA:29,0,1,18
BRDA:40,1,0,3
BRDA:40,1,1,15
BRDA:46,2,0,3
BRDA:46,2,1,2
BRDA:47,3,0,3
BRDA:47,3,1,2
BRF:8
BRH:8
end_of_record
TN:
SF:src/Application/UseCases/CancelLoanUseCase.ts
FN:14,(anonymous_0)
FN:27,(anonymous_1)
FNF:2
FNH:2
FNDA:35,(anonymous_0)
FNDA:25,(anonymous_1)
DA:4,3
DA:13,3
DA:15,35
DA:16,35
DA:17,35
DA:28,25
DA:29,25
DA:31,23
DA:32,2
DA:35,21
DA:36,21
DA:37,21
DA:39,21
DA:42,21
DA:45,21
DA:46,3
DA:47,3
DA:48,3
DA:55,1
DA:57,2
DA:61,21
LF:21
LH:21
BRDA:29,0,0,2
BRDA:29,0,1,23
BRDA:31,1,0,2
BRDA:31,1,1,21
BRDA:45,2,0,3
BRDA:45,2,1,18
BRDA:51,3,0,3
BRDA:51,3,1,2
BRDA:52,4,0,3
BRDA:52,4,1,2
BRF:10
BRH:10
end_of_record
TN:
SF:src/Application/UseCases/CreateLoanUseCase.ts
FN:18,(anonymous_0)
FN:34,(anonymous_1)
FNF:2
FNH:2
FNDA:49,(anonymous_0)
FNDA:296,(anonymous_1)
DA:6,4
DA:7,4
DA:17,4
DA:19,49
DA:20,49
DA:21,49
DA:22,49
DA:23,49
DA:35,296
DA:37,296
DA:38,2
DA:41,294
DA:42,294
DA:43,294
DA:46,294
DA:47,294
DA:50,294
DA:53,294
DA:54,4
DA:55,4
DA:57,290
DA:58,290
DA:59,290
DA:60,290
DA:62,0
DA:63,0
DA:67,294
DA:82,294
DA:85,294
DA:86,289
DA:88,5
DA:95,292
DA:96,292
DA:97,5
DA:98,5
DA:99,5
DA:107,3
DA:109,2
DA:112,287
DA:115,292
LF:40
LH:38
BRDA:37,0,0,2
BRDA:37,0,1,294
BRDA:47,1,0,289
BRDA:47,1,1,5
BRDA:53,2,0,4
BRDA:53,2,1,290
BRDA:59,3,0,290
BRDA:59,3,1,289
BRDA:60,4,0,290
BRDA:60,4,1,289
BRDA:85,5,0,289
BRDA:85,5,1,5
BRDA:96,6,0,5
BRDA:96,6,1,287
BRF:14
BRH:14
end_of_record
TN:
SF:src/Application/UseCases/GetDeviceSnapshotUseCase.ts
FN:6,(anonymous_0)
FN:8,(anonymous_1)
FNF:2
FNH:0
FNDA:0,(anonymous_0)
FNDA:0,(anonymous_1)
DA:5,0
DA:6,0
DA:9,0
DA:10,0
DA:12,0
LF:5
LH:0
BRDA:10,0,0,0
BRDA:10,0,1,0
BRF:2
BRH:0
end_of_record
TN:
SF:src/Application/UseCases/GetLoanByIdUseCase.ts
FN:6,(anonymous_0)
FN:8,(anonymous_1)
FNF:2
FNH:2
FNDA:11,(anonymous_0)
FNDA:32,(anonymous_1)
DA:5,1
DA:6,11
DA:9,32
DA:11,32
DA:12,0
DA:15,32
LF:6
LH:5
BRDA:11,0,0,0
BRDA:11,0,1,32
BRDA:19,1,0,32
BRDA:19,1,1,29
BRF:4
BRH:3
end_of_record
TN:
SF:src/Application/UseCases/LinkReservationUseCase.ts
FN:9,(anonymous_0)
FN:11,(anonymous_1)
FNF:2
FNH:0
FNDA:0,(anonymous_0)
FNDA:0,(anonymous_1)
DA:8,0
DA:9,0
DA:14,0
DA:16,0
DA:17,0
DA:20,0
DA:21,0
DA:22,0
DA:26,0
DA:27,0
DA:29,0
DA:31,0
LF:12
LH:0
BRDA:14,0,0,0
BRDA:14,0,1,0
BRDA:16,1,0,0
BRDA:16,1,1,0
BRDA:21,2,0,0
BRDA:21,2,1,0
BRF:6
BRH:0
end_of_record
TN:
SF:src/Application/UseCases/ListDeviceSnapshotsUseCase.ts
FN:6,(anonymous_0)
FN:8,(anonymous_1)
FN:12,(anonymous_2)
FN:13,(anonymous_3)
FNF:4
FNH:0
FNDA:0,(anonymous_0)
FNDA:0,(anonymous_1)
FNDA:0,(anonymous_2)
FNDA:0,(anonymous_3)
DA:5,0
DA:6,0
DA:9,0
DA:11,0
DA:12,0
DA:13,0
LF:6
LH:0
BRF:0
BRH:0
end_of_record
TN:
SF:src/Application/UseCases/ListLoansUseCase.ts
FN:6,(anonymous_0)
FN:8,(anonymous_1)
FNF:2
FNH:2
FNDA:11,(anonymous_0)
FNDA:4,(anonymous_1)
DA:5,1
DA:6,11
DA:10,4
LF:3
LH:3
BRF:0
BRH:0
end_of_record
TN:
SF:src/Application/UseCases/ProcessWaitlistUseCase.ts
FN:18,(anonymous_0)
FN:26,(anonymous_1)
FN:45,(anonymous_2)
FNF:3
FNH:0
FNDA:0,(anonymous_0)
FNDA:0,(anonymous_1)
FNDA:0,(anonymous_2)
DA:4,0
DA:17,0
DA:19,0
DA:20,0
DA:21,0
DA:22,0
DA:23,0
DA:28,0
DA:30,0
DA:31,0
DA:35,0
DA:40,0
DA:41,0
DA:45,0
DA:46,0
DA:50,0
DA:52,0
DA:54,0
DA:55,0
DA:58,0
DA:59,0
DA:62,0
DA:63,0
DA:64,0
DA:65,0
DA:66,0
DA:73,0
DA:77,0
DA:87,0
DA:88,0
LF:30
LH:0
BRDA:30,0,0,0
BRDA:30,0,1,0
BRDA:30,1,0,0
BRDA:30,1,1,0
BRDA:40,2,0,0
BRDA:40,2,1,0
BRDA:58,3,0,0
BRDA:58,3,1,0
BRDA:59,4,0,0
BRDA:59,4,1,0
BRDA:62,5,0,0
BRDA:62,5,1,0
BRDA:62,6,0,0
BRDA:62,6,1,0
BRDA:65,7,0,0
BRDA:65,7,1,0
BRDA:87,8,0,0
BRDA:87,8,1,0
BRF:18
BRH:0
end_of_record
TN:
SF:src/Application/UseCases/SyncAllDevicesUseCase.ts
FN:17,(anonymous_1)
FN:22,(anonymous_2)
FN:41,(anonymous_3)
FN:42,(anonymous_4)
FNF:4
FNH:0
FNDA:0,(anonymous_1)
FNDA:0,(anonymous_2)
FNDA:0,(anonymous_3)
FNDA:0,(anonymous_4)
DA:2,0
DA:16,0
DA:18,0
DA:19,0
DA:23,0
DA:24,0
DA:25,0
DA:27,0
DA:29,0
DA:31,0
DA:32,0
DA:35,0
DA:37,0
DA:40,0
DA:41,0
DA:42,0
DA:45,0
DA:46,0
DA:47,0
DA:59,0
DA:61,0
DA:66,0
DA:67,0
DA:68,0
DA:69,0
DA:70,0
DA:71,0
DA:73,0
DA:78,0
DA:80,0
DA:82,0
LF:31
LH:0
BRDA:31,0,0,0
BRDA:31,0,1,0
BRDA:67,1,0,0
BRDA:67,1,1,0
BRF:4
BRH:0
end_of_record
TN:
SF:src/Domain/Enums/LoanStatus.ts
FN:7,(anonymous_0)
FNF:1
FNH:1
FNDA:9,(anonymous_0)
DA:7,9
DA:9,9
DA:12,9
DA:15,9
DA:18,9
DA:21,9
DA:24,9
LF:7
LH:7
BRDA:7,0,0,9
BRDA:7,0,1,9
BRF:2
BRH:2
end_of_record
