TN:
SF:src/Application/useCases/ActivateLoanUseCase.ts
FN:9,(anonymous_0)
FN:11,(anonymous_1)
FNF:2
FNH:2
FNDA:30,(anonymous_0)
FNDA:17,(anonymous_1)
DA:3,3
DA:8,3
DA:9,30
DA:12,17
DA:13,17
DA:15,14
DA:16,14
DA:18,14
DA:19,14
LF:9
LH:9
BRDA:13,0,0,3
BRDA:13,0,1,14
BRF:2
BRH:2
end_of_record
TN:
SF:src/Application/useCases/CancelLoanUseCase.ts
FN:6,(anonymous_0)
FN:8,(anonymous_1)
FNF:2
FNH:2
FNDA:31,(anonymous_0)
FNDA:21,(anonymous_1)
DA:3,3
DA:5,3
DA:6,31
DA:9,21
DA:10,21
DA:12,19
DA:13,2
DA:16,17
DA:17,17
DA:18,17
DA:20,17
DA:21,17
LF:12
LH:12
BRDA:10,0,0,2
BRDA:10,0,1,19
BRDA:12,1,0,2
BRDA:12,1,1,17
BRF:4
BRH:4
end_of_record
TN:
SF:src/Application/useCases/CreateLoanUseCase.ts
FN:10,(anonymous_0)
FN:16,(anonymous_1)
FNF:2
FNH:2
FNDA:43,(anonymous_0)
FNDA:290,(anonymous_1)
DA:6,4
DA:7,4
DA:9,4
DA:11,43
DA:12,43
DA:13,43
DA:17,290
DA:19,290
DA:20,2
DA:23,288
DA:24,288
DA:25,288
DA:28,288
DA:29,288
DA:31,288
DA:43,288
DA:46,288
DA:47,284
DA:49,4
DA:55,286
LF:20
LH:20
BRDA:19,0,0,2
BRDA:19,0,1,288
BRDA:29,1,0,284
BRDA:29,1,1,4
BRDA:46,2,0,284
BRDA:46,2,1,4
BRF:6
BRH:6
end_of_record
TN:
SF:src/Application/useCases/GetDeviceSnapshotUseCase.ts
FN:6,(anonymous_0)
FN:8,(anonymous_1)
FNF:2
FNH:0
FNDA:0,(anonymous_0)
FNDA:0,(anonymous_1)
DA:5,0
DA:6,0
DA:9,0
DA:10,0
DA:12,0
LF:5
LH:0
BRDA:10,0,0,0
BRDA:10,0,1,0
BRF:2
BRH:0
end_of_record
TN:
SF:src/Application/useCases/GetLoanByIdUseCase.ts
FN:6,(anonymous_0)
FN:8,(anonymous_1)
FNF:2
FNH:2
FNDA:11,(anonymous_0)
FNDA:32,(anonymous_1)
DA:5,1
DA:6,11
DA:9,32
DA:11,32
DA:12,0
DA:15,32
LF:6
LH:5
BRDA:11,0,0,0
BRDA:11,0,1,32
BRDA:19,1,0,32
BRDA:19,1,1,29
BRF:4
BRH:3
end_of_record
TN:
SF:src/Application/useCases/ListDeviceSnapshotsUseCase.ts
FN:6,(anonymous_0)
FN:8,(anonymous_1)
FN:12,(anonymous_2)
FN:13,(anonymous_3)
FNF:4
FNH:0
FNDA:0,(anonymous_0)
FNDA:0,(anonymous_1)
FNDA:0,(anonymous_2)
FNDA:0,(anonymous_3)
DA:5,0
DA:6,0
DA:9,0
DA:11,0
DA:12,0
DA:13,0
LF:6
LH:0
BRF:0
BRH:0
end_of_record
TN:
SF:src/Application/useCases/ListLoansUseCase.ts
FN:6,(anonymous_0)
FN:8,(anonymous_1)
FNF:2
FNH:2
FNDA:11,(anonymous_0)
FNDA:4,(anonymous_1)
DA:5,1
DA:6,11
DA:10,4
LF:3
LH:3
BRF:0
BRH:0
end_of_record
TN:
SF:src/Application/useCases/ProcessWaitlistUseCase.ts
FN:15,(anonymous_0)
FN:21,(anonymous_1)
FN:40,(anonymous_2)
FNF:3
FNH:0
FNDA:0,(anonymous_0)
FNDA:0,(anonymous_1)
FNDA:0,(anonymous_2)
DA:4,0
DA:14,0
DA:16,0
DA:17,0
DA:18,0
DA:23,0
DA:25,0
DA:26,0
DA:30,0
DA:35,0
DA:36,0
DA:40,0
DA:41,0
DA:45,0
DA:47,0
DA:49,0
DA:50,0
DA:52,0
DA:55,0
LF:19
LH:0
BRDA:25,0,0,0
BRDA:25,0,1,0
BRDA:25,1,0,0
BRDA:25,1,1,0
BRDA:35,2,0,0
BRDA:35,2,1,0
BRF:6
BRH:0
end_of_record
TN:
SF:src/Domain/Enums/LoanStatus.ts
FN:1,(anonymous_0)
FNF:1
FNH:1
FNDA:9,(anonymous_0)
DA:1,9
DA:2,9
DA:3,9
DA:4,9
DA:5,9
DA:6,9
DA:7,9
LF:7
LH:7
BRDA:1,0,0,9
BRDA:1,0,1,9
BRF:2
BRH:2
end_of_record
